<?xml version="1.0" encoding="UTF-8"?>
<!-- Generated by org.testng.reporters.JUnitReportReporter -->
<testsuite hostname="KSHITIJ-NAG" failures="0" tests="29" name="tranktech.tranktech_verticals" time="2.826" errors="1" timestamp="2024-12-03T10:47:23 IST" skipped="28">
  <testcase classname="tranktech.tranktech_verticals" name="navigate" time="2.822">
    <error message="target frame detached: received Inspector.detached event
  (failed to check if window was closed: disconnected: Unable to receive message from renderer)
  (Session info: chrome=131.0.6778.86)
Build info: version: &#039;4.25.0&#039;, revision: &#039;8a8aea2337&#039;
System info: os.name: &#039;Windows 11&#039;, os.arch: &#039;amd64&#039;, os.version: &#039;10.0&#039;, java.version: &#039;22.0.2&#039;
Driver info: org.openqa.selenium.chrome.ChromeDriver
Command: [d52c90a3cf32f27490d62d9bd0fb4b20, get {url=https://www.tranktechnologies.com/}]
Capabilities {acceptInsecureCerts: false, browserName: chrome, browserVersion: 131.0.6778.86, chrome: {chromedriverVersion: 131.0.6778.85 (3d81e41b6f3a..., userDataDir: C:\Users\Admin\AppData\Loca...}, fedcm:accounts: true, goog:chromeOptions: {debuggerAddress: localhost:57978}, networkConnectionEnabled: false, pageLoadStrategy: normal, platformName: windows, proxy: Proxy(), se:cdp: ws://localhost:57978/devtoo..., se:cdpVersion: 131.0.6778.86, setWindowRect: true, strictFileInteractability: false, timeouts: {implicit: 0, pageLoad: 300000, script: 30000}, unhandledPromptBehavior: dismiss and notify, webauthn:extension:credBlob: true, webauthn:extension:largeBlob: true, webauthn:extension:minPinLength: true, webauthn:extension:prf: true, webauthn:virtualAuthenticators: true}
Session ID: d52c90a3cf32f27490d62d9bd0fb4b20" type="org.openqa.selenium.WebDriverException">
      <![CDATA[org.openqa.selenium.WebDriverException: target frame detached: received Inspector.detached event
  (failed to check if window was closed: disconnected: Unable to receive message from renderer)
  (Session info: chrome=131.0.6778.86)
Build info: version: '4.25.0', revision: '8a8aea2337'
System info: os.name: 'Windows 11', os.arch: 'amd64', os.version: '10.0', java.version: '22.0.2'
Driver info: org.openqa.selenium.chrome.ChromeDriver
Command: [d52c90a3cf32f27490d62d9bd0fb4b20, get {url=https://www.tranktechnologies.com/}]
Capabilities {acceptInsecureCerts: false, browserName: chrome, browserVersion: 131.0.6778.86, chrome: {chromedriverVersion: 131.0.6778.85 (3d81e41b6f3a..., userDataDir: C:\Users\Admin\AppData\Loca...}, fedcm:accounts: true, goog:chromeOptions: {debuggerAddress: localhost:57978}, networkConnectionEnabled: false, pageLoadStrategy: normal, platformName: windows, proxy: Proxy(), se:cdp: ws://localhost:57978/devtoo..., se:cdpVersion: 131.0.6778.86, setWindowRect: true, strictFileInteractability: false, timeouts: {implicit: 0, pageLoad: 300000, script: 30000}, unhandledPromptBehavior: dismiss and notify, webauthn:extension:credBlob: true, webauthn:extension:largeBlob: true, webauthn:extension:minPinLength: true, webauthn:extension:prf: true, webauthn:virtualAuthenticators: true}
Session ID: d52c90a3cf32f27490d62d9bd0fb4b20
at java.base/jdk.internal.reflect.DirectConstructorHandleAccessor.newInstance(DirectConstructorHandleAccessor.java:62)
at java.base/java.lang.reflect.Constructor.newInstanceWithCaller(Constructor.java:502)
at java.base/java.lang.reflect.Constructor.newInstance(Constructor.java:486)
at org.openqa.selenium.remote.ErrorCodec.decode(ErrorCodec.java:167)
at org.openqa.selenium.remote.codec.w3c.W3CHttpResponseCodec.decode(W3CHttpResponseCodec.java:138)
at org.openqa.selenium.remote.codec.w3c.W3CHttpResponseCodec.decode(W3CHttpResponseCodec.java:50)
at org.openqa.selenium.remote.HttpCommandExecutor.execute(HttpCommandExecutor.java:190)
at org.openqa.selenium.remote.service.DriverCommandExecutor.invokeExecute(DriverCommandExecutor.java:216)
at org.openqa.selenium.remote.service.DriverCommandExecutor.execute(DriverCommandExecutor.java:174)
at org.openqa.selenium.remote.RemoteWebDriver.execute(RemoteWebDriver.java:545)
at org.openqa.selenium.remote.RemoteWebDriver.get(RemoteWebDriver.java:313)
at tranktech.tranktech_verticals.navigate(tranktech_verticals.java:19)
at java.base/jdk.internal.reflect.DirectMethodHandleAccessor.invoke(DirectMethodHandleAccessor.java:103)
at java.base/java.lang.reflect.Method.invoke(Method.java:580)
at org.testng.internal.invokers.MethodInvocationHelper.invokeMethod(MethodInvocationHelper.java:141)
at org.testng.internal.invokers.MethodInvocationHelper.invokeMethodConsideringTimeout(MethodInvocationHelper.java:71)
at org.testng.internal.invokers.ConfigInvoker.invokeConfigurationMethod(ConfigInvoker.java:400)
at org.testng.internal.invokers.ConfigInvoker.invokeConfigurations(ConfigInvoker.java:333)
at org.testng.TestRunner.invokeTestConfigurations(TestRunner.java:655)
at org.testng.TestRunner.beforeRun(TestRunner.java:644)
at org.testng.TestRunner.run(TestRunner.java:610)
at org.testng.SuiteRunner.runTest(SuiteRunner.java:421)
at org.testng.SuiteRunner.runSequentially(SuiteRunner.java:413)
at org.testng.SuiteRunner.privateRun(SuiteRunner.java:373)
at org.testng.SuiteRunner.run(SuiteRunner.java:312)
at org.testng.SuiteRunnerWorker.runSuite(SuiteRunnerWorker.java:52)
at org.testng.SuiteRunnerWorker.run(SuiteRunnerWorker.java:95)
at org.testng.TestNG.runSuitesSequentially(TestNG.java:1274)
at org.testng.TestNG.runSuitesLocally(TestNG.java:1208)
at org.testng.TestNG.runSuites(TestNG.java:1112)
at org.testng.TestNG.run(TestNG.java:1079)
at org.testng.remote.AbstractRemoteTestNG.run(AbstractRemoteTestNG.java:115)
at org.testng.remote.RemoteTestNG.initAndRun(RemoteTestNG.java:293)
at org.testng.remote.RemoteTestNG.main(RemoteTestNG.java:91)
]]>
    </error>
  </testcase> <!-- navigate -->
  <testcase classname="tranktech.tranktech_verticals" name="ver" time="0.001">
    <skipped/>
  </testcase> <!-- ver -->
  <testcase classname="tranktech.tranktech_verticals" name="stocktrading" time="0.000">
    <skipped/>
  </testcase> <!-- stocktrading -->
  <testcase classname="tranktech.tranktech_verticals" name="trading" time="0.000">
    <skipped/>
  </testcase> <!-- trading -->
  <testcase classname="tranktech.tranktech_verticals" name="algotrading" time="0.000">
    <skipped/>
  </testcase> <!-- algotrading -->
  <testcase classname="tranktech.tranktech_verticals" name="papertrading" time="0.000">
    <skipped/>
  </testcase> <!-- papertrading -->
  <testcase classname="tranktech.tranktech_verticals" name="customtrading" time="0.001">
    <skipped/>
  </testcase> <!-- customtrading -->
  <testcase classname="tranktech.tranktech_verticals" name="cfdtrading" time="0.000">
    <skipped/>
  </testcase> <!-- cfdtrading -->
  <testcase classname="tranktech.tranktech_verticals" name="web_portal_trading" time="0.000">
    <skipped/>
  </testcase> <!-- web_portal_trading -->
  <testcase classname="tranktech.tranktech_verticals" name="trading_app_dev_in_mass" time="0.000">
    <skipped/>
  </testcase> <!-- trading_app_dev_in_mass -->
  <testcase classname="tranktech.tranktech_verticals" name="retail_and_ecommerce" time="0.000">
    <skipped/>
  </testcase> <!-- retail_and_ecommerce -->
  <testcase classname="tranktech.tranktech_verticals" name="ecomm_web_dev" time="0.000">
    <skipped/>
  </testcase> <!-- ecomm_web_dev -->
  <testcase classname="tranktech.tranktech_verticals" name="ecomm_app_dev" time="0.000">
    <skipped/>
  </testcase> <!-- ecomm_app_dev -->
  <testcase classname="tranktech.tranktech_verticals" name="health_care" time="0.000">
    <skipped/>
  </testcase> <!-- health_care -->
  <testcase classname="tranktech.tranktech_verticals" name="diet_and_nutrition" time="0.000">
    <skipped/>
  </testcase> <!-- diet_and_nutrition -->
  <testcase classname="tranktech.tranktech_verticals" name="health_tracking_app" time="0.000">
    <skipped/>
  </testcase> <!-- health_tracking_app -->
  <testcase classname="tranktech.tranktech_verticals" name="fintech" time="0.000">
    <skipped/>
  </testcase> <!-- fintech -->
  <testcase classname="tranktech.tranktech_verticals" name="pos_software_dev" time="0.000">
    <skipped/>
  </testcase> <!-- pos_software_dev -->
  <testcase classname="tranktech.tranktech_verticals" name="crypto" time="0.000">
    <skipped/>
  </testcase> <!-- crypto -->
  <testcase classname="tranktech.tranktech_verticals" name="custom_app" time="0.000">
    <skipped/>
  </testcase> <!-- custom_app -->
  <testcase classname="tranktech.tranktech_verticals" name="des_app_dev" time="0.001">
    <skipped/>
  </testcase> <!-- des_app_dev -->
  <testcase classname="tranktech.tranktech_verticals" name="crm_dev" time="0.000">
    <skipped/>
  </testcase> <!-- crm_dev -->
  <testcase classname="tranktech.tranktech_verticals" name="HRM_Development" time="0.000">
    <skipped/>
  </testcase> <!-- HRM_Development -->
  <testcase classname="tranktech.tranktech_verticals" name="ERP_App_Development" time="0.000">
    <skipped/>
  </testcase> <!-- ERP_App_Development -->
  <testcase classname="tranktech.tranktech_verticals" name="Travel" time="0.000">
    <skipped/>
  </testcase> <!-- Travel -->
  <testcase classname="tranktech.tranktech_verticals" name="E_Learning" time="0.000">
    <skipped/>
  </testcase> <!-- E_Learning -->
  <testcase classname="tranktech.tranktech_verticals" name="Dating_App_Development" time="0.000">
    <skipped/>
  </testcase> <!-- Dating_App_Development -->
  <testcase classname="tranktech.tranktech_verticals" name="Real_Estate" time="0.001">
    <skipped/>
  </testcase> <!-- Real_Estate -->
  <testcase classname="tranktech.tranktech_verticals" name="CRM_Development_USA" time="0.000">
    <skipped/>
  </testcase> <!-- CRM_Development_USA -->
</testsuite> <!-- tranktech.tranktech_verticals -->
