<?xml version="1.0" encoding="UTF-8"?>
<!-- Generated by org.testng.reporters.JUnitReportReporter -->
<testsuite hostname="LAPTOP-HHU2O0AM" failures="0" tests="17" name="tranktechnologiesproject.class2Test" time="54.553" errors="1" timestamp="2024-07-01T12:48:47 IST" skipped="1">
  <testcase classname="tranktechnologiesproject.class2Test" name="ecoomerceclick" time="5.011"/>
  <testcase classname="tranktechnologiesproject.class2Test" name="megento" time="0.060">
    <error message="element not interactable
  (Session info: chrome=126.0.6478.127)
Build info: version: &#039;4.22.0&#039;, revision: &#039;c5f3146703*&#039;
System info: os.name: &#039;Windows 11&#039;, os.arch: &#039;amd64&#039;, os.version: &#039;10.0&#039;, java.version: &#039;21.0.3&#039;
Driver info: org.openqa.selenium.chrome.ChromeDriver
Command: [07eecc8ae4a362a75909fe688d127922, clickElement {id=f.2FD76F4AD9FC7B0D097BAFAC6CEE87CB.d.24B673A6AB18C1800A26CE4BF3AAC882.e.84}]
Capabilities {acceptInsecureCerts: false, browserName: chrome, browserVersion: 126.0.6478.127, chrome: {chromedriverVersion: 126.0.6478.126 (d36ace6122e..., userDataDir: C:\Users\ANUPKU~1\AppData\L...}, fedcm:accounts: true, goog:chromeOptions: {debuggerAddress: localhost:55817}, networkConnectionEnabled: false, pageLoadStrategy: normal, platformName: windows, proxy: Proxy(), se:cdp: ws://localhost:55817/devtoo..., se:cdpVersion: 126.0.6478.127, setWindowRect: true, strictFileInteractability: false, timeouts: {implicit: 0, pageLoad: 300000, script: 30000}, unhandledPromptBehavior: dismiss and notify, webauthn:extension:credBlob: true, webauthn:extension:largeBlob: true, webauthn:extension:minPinLength: true, webauthn:extension:prf: true, webauthn:virtualAuthenticators: true}
Element: [[ChromeDriver: chrome on windows (07eecc8ae4a362a75909fe688d127922)] -&gt; xpath: //a[normalize-space()=&#039;Magento Development&#039;]]
Session ID: 07eecc8ae4a362a75909fe688d127922" type="org.openqa.selenium.ElementNotInteractableException">
      <![CDATA[org.openqa.selenium.ElementNotInteractableException: element not interactable
  (Session info: chrome=126.0.6478.127)
Build info: version: '4.22.0', revision: 'c5f3146703*'
System info: os.name: 'Windows 11', os.arch: 'amd64', os.version: '10.0', java.version: '21.0.3'
Driver info: org.openqa.selenium.chrome.ChromeDriver
Command: [07eecc8ae4a362a75909fe688d127922, clickElement {id=f.2FD76F4AD9FC7B0D097BAFAC6CEE87CB.d.24B673A6AB18C1800A26CE4BF3AAC882.e.84}]
Capabilities {acceptInsecureCerts: false, browserName: chrome, browserVersion: 126.0.6478.127, chrome: {chromedriverVersion: 126.0.6478.126 (d36ace6122e..., userDataDir: C:\Users\ANUPKU~1\AppData\L...}, fedcm:accounts: true, goog:chromeOptions: {debuggerAddress: localhost:55817}, networkConnectionEnabled: false, pageLoadStrategy: normal, platformName: windows, proxy: Proxy(), se:cdp: ws://localhost:55817/devtoo..., se:cdpVersion: 126.0.6478.127, setWindowRect: true, strictFileInteractability: false, timeouts: {implicit: 0, pageLoad: 300000, script: 30000}, unhandledPromptBehavior: dismiss and notify, webauthn:extension:credBlob: true, webauthn:extension:largeBlob: true, webauthn:extension:minPinLength: true, webauthn:extension:prf: true, webauthn:virtualAuthenticators: true}
Element: [[ChromeDriver: chrome on windows (07eecc8ae4a362a75909fe688d127922)] -> xpath: //a[normalize-space()='Magento Development']]
Session ID: 07eecc8ae4a362a75909fe688d127922
at java.base/jdk.internal.reflect.DirectConstructorHandleAccessor.newInstance(DirectConstructorHandleAccessor.java:62)
at java.base/java.lang.reflect.Constructor.newInstanceWithCaller(Constructor.java:502)
at java.base/java.lang.reflect.Constructor.newInstance(Constructor.java:486)
at org.openqa.selenium.remote.ErrorCodec.decode(ErrorCodec.java:167)
at org.openqa.selenium.remote.codec.w3c.W3CHttpResponseCodec.decode(W3CHttpResponseCodec.java:138)
at org.openqa.selenium.remote.codec.w3c.W3CHttpResponseCodec.decode(W3CHttpResponseCodec.java:50)
at org.openqa.selenium.remote.HttpCommandExecutor.execute(HttpCommandExecutor.java:190)
at org.openqa.selenium.remote.service.DriverCommandExecutor.invokeExecute(DriverCommandExecutor.java:216)
at org.openqa.selenium.remote.service.DriverCommandExecutor.execute(DriverCommandExecutor.java:174)
at org.openqa.selenium.remote.RemoteWebDriver.execute(RemoteWebDriver.java:518)
at org.openqa.selenium.remote.RemoteWebElement.execute(RemoteWebElement.java:223)
at org.openqa.selenium.remote.RemoteWebElement.click(RemoteWebElement.java:76)
at tranktechnologiesproject.class2Test.megento(class2Test.java:55)
at java.base/jdk.internal.reflect.DirectMethodHandleAccessor.invoke(DirectMethodHandleAccessor.java:103)
at java.base/java.lang.reflect.Method.invoke(Method.java:580)
at org.testng.internal.invokers.MethodInvocationHelper.invokeMethod(MethodInvocationHelper.java:139)
at org.testng.internal.invokers.TestInvoker.invokeMethod(TestInvoker.java:664)
at org.testng.internal.invokers.TestInvoker.invokeTestMethod(TestInvoker.java:227)
at org.testng.internal.invokers.MethodRunner.runInSequence(MethodRunner.java:50)
at org.testng.internal.invokers.TestInvoker$MethodInvocationAgent.invoke(TestInvoker.java:957)
at org.testng.internal.invokers.TestInvoker.invokeTestMethods(TestInvoker.java:200)
at org.testng.internal.invokers.TestMethodWorker.invokeTestMethods(TestMethodWorker.java:148)
at org.testng.internal.invokers.TestMethodWorker.run(TestMethodWorker.java:128)
at java.base/java.util.ArrayList.forEach(ArrayList.java:1596)
at org.testng.TestRunner.privateRun(TestRunner.java:848)
at org.testng.TestRunner.run(TestRunner.java:621)
at org.testng.SuiteRunner.runTest(SuiteRunner.java:443)
at org.testng.SuiteRunner.runSequentially(SuiteRunner.java:437)
at org.testng.SuiteRunner.privateRun(SuiteRunner.java:397)
at org.testng.SuiteRunner.run(SuiteRunner.java:336)
at org.testng.SuiteRunnerWorker.runSuite(SuiteRunnerWorker.java:52)
at org.testng.SuiteRunnerWorker.run(SuiteRunnerWorker.java:95)
at org.testng.TestNG.runSuitesSequentially(TestNG.java:1280)
at org.testng.TestNG.runSuitesLocally(TestNG.java:1200)
at org.testng.TestNG.runSuites(TestNG.java:1114)
at org.testng.TestNG.run(TestNG.java:1082)
at org.testng.remote.AbstractRemoteTestNG.run(AbstractRemoteTestNG.java:115)
at org.testng.remote.RemoteTestNG.initAndRun(RemoteTestNG.java:293)
at org.testng.remote.RemoteTestNG.main(RemoteTestNG.java:91)
]]>
    </error>
  </testcase> <!-- megento -->
  <testcase classname="tranktechnologiesproject.class2Test" name="opencart" time="6.008"/>
  <testcase classname="tranktechnologiesproject.class2Test" name="codeinginter" time="2.116"/>
  <testcase classname="tranktechnologiesproject.class2Test" name="wordpress" time="1.957"/>
  <testcase classname="tranktechnologiesproject.class2Test" name="bigCommerce" time="1.800"/>
  <testcase classname="tranktechnologiesproject.class2Test" name="Shopfy" time="1.825"/>
  <testcase classname="tranktechnologiesproject.class2Test" name="CSCart" time="2.118"/>
  <testcase classname="tranktechnologiesproject.class2Test" name="NodeJS" time="3.086"/>
  <testcase classname="tranktechnologiesproject.class2Test" name="Nope" time="2.593"/>
  <testcase classname="tranktechnologiesproject.class2Test" name="wooCommerce" time="2.195"/>
  <testcase classname="tranktechnologiesproject.class2Test" name="LaravelDevlopment" time="3.259"/>
  <testcase classname="tranktechnologiesproject.class2Test" name="PrestashopDevelopment" time="2.299"/>
  <testcase classname="tranktechnologiesproject.class2Test" name="DrupalDevelopment" time="2.400"/>
  <testcase classname="tranktechnologiesproject.class2Test" name="WxxDevelopment" time="2.755"/>
  <testcase classname="tranktechnologiesproject.class2Test" name="contury" time="15.071"/>
  <testcase classname="tranktechnologiesproject.class2Test" name="Geta">
    <skipped/>
  </testcase> <!-- Geta -->
</testsuite> <!-- tranktechnologiesproject.class2Test -->
